<?xml version="1.0" encoding="utf-8" standalone="no"?>
<!--This file represents the results of running a test suite-->
<test-results name="" total="0" errors="0" failures="0" not-run="0" inconclusive="0" ignored="0" skipped="0" invalid="0" date="2022-03-27" time="17:43:59">
  <environment nunit-version="" clr-version="4.0.30319.42000" os-version="Microsoft Windows NT 6.2.9200.0" platform="Win32NT" cwd="C:\Users\Thirumala_Rajolu\source\git\Repos\specflowsaucedemoproject\ProjectBDDTestframeWork\bin\Debug\net6.0" machine-name="EPINHYDW0E79" user="Thirumala_Rajolu" user-domain="EPAM" />
  <culture-info current-culture="en-IN" current-uiculture="en-US" />
  <test-suite type="Assembly" name="" executed="True" result="Error" success="False" time="0.001" asserts="0">
    <failure>
      <message><![CDATA[NUnit.Engine.NUnitEngineException : Unable to acquire remote process agent]]></message>
      <stack-trace><![CDATA[--NUnitEngineException
Unable to acquire remote process agent
   at NUnit.Engine.Runners.ProcessRunner.CreateAgentAndRunnerIfNeeded()
   at NUnit.Engine.Runners.ProcessRunner.RunTests(ITestEventListener listener, TestFilter filter)
]]></stack-trace>
    </failure>
    <results />
  </test-suite>
</test-results>